2016-10-06 08:27:47 INFO  Environment:570 - Hibernate 3.5.3-Final
2016-10-06 08:27:47 INFO  Environment:603 - hibernate.properties not found
2016-10-06 08:27:47 INFO  Environment:781 - Bytecode provider name : javassist
2016-10-06 08:27:47 INFO  Environment:662 - using JDK 1.4 java.sql.Timestamp handling
2016-10-06 08:27:47 INFO  Configuration:1518 - configuring from resource: /hibernate.cfg.xml
2016-10-06 08:27:47 INFO  Configuration:1495 - Configuration resource: /hibernate.cfg.xml
2016-10-06 08:27:47 INFO  Configuration:655 - Reading mappings from resource : modele/Formation.hbm.xml
2016-10-06 08:27:47 INFO  HbmBinder:348 - Mapping class: modele.Formation -> FORMATIONS
2016-10-06 08:27:47 INFO  Configuration:1633 - Configured SessionFactory: null
2016-10-06 08:27:47 INFO  DriverManagerConnectionProvider:64 - Using Hibernate built-in connection pool (not for production use!)
2016-10-06 08:27:47 INFO  DriverManagerConnectionProvider:65 - Hibernate connection pool size: 1
2016-10-06 08:27:47 INFO  DriverManagerConnectionProvider:68 - autocommit mode: false
2016-10-06 08:27:47 INFO  DriverManagerConnectionProvider:103 - using driver: oracle.jdbc.driver.OracleDriver at URL: jdbc:oracle:thin:@//195.154.70.247:1521/XE
2016-10-06 08:27:47 INFO  DriverManagerConnectionProvider:109 - connection properties: {user=LABHIB, password=****}
2016-10-06 08:27:48 INFO  SettingsFactory:117 - RDBMS: Oracle, version: Oracle Database 11g Express Edition Release 11.2.0.2.0 - 64bit Production
2016-10-06 08:27:48 INFO  SettingsFactory:118 - JDBC driver: Oracle JDBC driver, version: 11.2.0.4.0
2016-10-06 08:27:48 INFO  Dialect:206 - Using dialect: org.hibernate.dialect.Oracle10gDialect
2016-10-06 08:27:48 INFO  TransactionFactoryFactory:59 - Using default transaction strategy (direct JDBC transactions)
2016-10-06 08:27:48 INFO  TransactionManagerLookupFactory:80 - No TransactionManagerLookup configured (in JTA environment, use of read-write or transactional second-level cache is not recommended)
2016-10-06 08:27:48 INFO  SettingsFactory:169 - Automatic flush during beforeCompletion(): disabled
2016-10-06 08:27:48 INFO  SettingsFactory:173 - Automatic session close at end of transaction: disabled
2016-10-06 08:27:48 INFO  SettingsFactory:180 - JDBC batch size: 15
2016-10-06 08:27:48 INFO  SettingsFactory:183 - JDBC batch updates for versioned data: disabled
2016-10-06 08:27:48 INFO  SettingsFactory:188 - Scrollable result sets: enabled
2016-10-06 08:27:48 INFO  SettingsFactory:196 - JDBC3 getGeneratedKeys(): disabled
2016-10-06 08:27:48 INFO  SettingsFactory:204 - Connection release mode: auto
2016-10-06 08:27:48 INFO  SettingsFactory:231 - Default batch fetch size: 1
2016-10-06 08:27:48 INFO  SettingsFactory:235 - Generate SQL with comments: disabled
2016-10-06 08:27:48 INFO  SettingsFactory:239 - Order SQL updates by primary key: disabled
2016-10-06 08:27:48 INFO  SettingsFactory:243 - Order SQL inserts for batching: disabled
2016-10-06 08:27:48 INFO  SettingsFactory:410 - Query translator: org.hibernate.hql.ast.ASTQueryTranslatorFactory
2016-10-06 08:27:48 INFO  ASTQueryTranslatorFactory:47 - Using ASTQueryTranslatorFactory
2016-10-06 08:27:48 INFO  SettingsFactory:251 - Query language substitutions: {}
2016-10-06 08:27:48 INFO  SettingsFactory:256 - JPA-QL strict compliance: disabled
2016-10-06 08:27:48 INFO  SettingsFactory:261 - Second-level cache: enabled
2016-10-06 08:27:48 INFO  SettingsFactory:265 - Query cache: disabled
2016-10-06 08:27:48 INFO  SettingsFactory:395 - Cache region factory : org.hibernate.cache.impl.NoCachingRegionFactory
2016-10-06 08:27:48 INFO  SettingsFactory:275 - Optimize cache for minimal puts: disabled
2016-10-06 08:27:48 INFO  SettingsFactory:284 - Structured second-level cache entries: disabled
2016-10-06 08:27:48 INFO  SettingsFactory:304 - Echoing all SQL to stdout
2016-10-06 08:27:48 INFO  SettingsFactory:313 - Statistics: enabled
2016-10-06 08:27:48 INFO  SettingsFactory:317 - Deleted entity synthetic identifier rollback: disabled
2016-10-06 08:27:48 INFO  SettingsFactory:332 - Default entity-mode: pojo
2016-10-06 08:27:48 INFO  SettingsFactory:336 - Named query checking : enabled
2016-10-06 08:27:48 INFO  SettingsFactory:340 - Check Nullability in Core (should be disabled when Bean Validation is on): enabled
2016-10-06 08:27:48 INFO  SessionFactoryImpl:199 - building session factory
2016-10-06 08:27:48 INFO  PojoInstantiator:84 - no default (no-argument) constructor for class: modele.Formation (class must be instantiated by Interceptor)
2016-10-06 08:27:48 INFO  SessionFactoryObjectFactory:105 - Not binding factory to JNDI, no JNDI name configured
2016-10-06 08:27:48 INFO  SchemaUpdate:155 - Running hbm2ddl schema update
2016-10-06 08:27:48 INFO  SchemaUpdate:167 - fetching database metadata
2016-10-06 08:27:49 INFO  SchemaUpdate:179 - updating schema
2016-10-06 08:27:49 INFO  TableMetadata:65 - table found: LABHIB.FORMATIONS
2016-10-06 08:27:49 INFO  TableMetadata:66 - columns: [formation_id, formation_theme]
2016-10-06 08:27:49 INFO  TableMetadata:68 - foreign keys: []
2016-10-06 08:27:49 INFO  TableMetadata:69 - indexes: [sys_c0012262]
2016-10-06 08:27:49 INFO  SchemaUpdate:217 - schema update complete
2016-10-06 08:27:49 INFO  ConcurrentStatisticsImpl:491 - Logging statistics....
2016-10-06 08:27:49 INFO  ConcurrentStatisticsImpl:492 - start time: 1475735268331
2016-10-06 08:27:49 INFO  ConcurrentStatisticsImpl:493 - sessions opened: 1
2016-10-06 08:27:49 INFO  ConcurrentStatisticsImpl:494 - sessions closed: 1
2016-10-06 08:27:49 INFO  ConcurrentStatisticsImpl:495 - transactions: 1
2016-10-06 08:27:49 INFO  ConcurrentStatisticsImpl:496 - successful transactions: 1
2016-10-06 08:27:49 INFO  ConcurrentStatisticsImpl:497 - optimistic lock failures: 0
2016-10-06 08:27:49 INFO  ConcurrentStatisticsImpl:498 - flushes: 1
2016-10-06 08:27:49 INFO  ConcurrentStatisticsImpl:499 - connections obtained: 1
2016-10-06 08:27:49 INFO  ConcurrentStatisticsImpl:500 - statements prepared: 2
2016-10-06 08:27:49 INFO  ConcurrentStatisticsImpl:501 - statements closed: 2
2016-10-06 08:27:49 INFO  ConcurrentStatisticsImpl:502 - second level cache puts: 0
2016-10-06 08:27:49 INFO  ConcurrentStatisticsImpl:503 - second level cache hits: 0
2016-10-06 08:27:49 INFO  ConcurrentStatisticsImpl:504 - second level cache misses: 0
2016-10-06 08:27:49 INFO  ConcurrentStatisticsImpl:505 - entities loaded: 0
2016-10-06 08:27:49 INFO  ConcurrentStatisticsImpl:506 - entities updated: 0
2016-10-06 08:27:49 INFO  ConcurrentStatisticsImpl:507 - entities inserted: 1
2016-10-06 08:27:49 INFO  ConcurrentStatisticsImpl:508 - entities deleted: 0
2016-10-06 08:27:49 INFO  ConcurrentStatisticsImpl:509 - entities fetched (minimize this): 0
2016-10-06 08:27:49 INFO  ConcurrentStatisticsImpl:510 - collections loaded: 0
2016-10-06 08:27:49 INFO  ConcurrentStatisticsImpl:511 - collections updated: 0
2016-10-06 08:27:49 INFO  ConcurrentStatisticsImpl:512 - collections removed: 0
2016-10-06 08:27:49 INFO  ConcurrentStatisticsImpl:513 - collections recreated: 0
2016-10-06 08:27:49 INFO  ConcurrentStatisticsImpl:514 - collections fetched (minimize this): 0
2016-10-06 08:27:49 INFO  ConcurrentStatisticsImpl:515 - queries executed to database: 0
2016-10-06 08:27:49 INFO  ConcurrentStatisticsImpl:516 - query cache puts: 0
2016-10-06 08:27:49 INFO  ConcurrentStatisticsImpl:517 - query cache hits: 0
2016-10-06 08:27:49 INFO  ConcurrentStatisticsImpl:518 - query cache misses: 0
2016-10-06 08:27:49 INFO  ConcurrentStatisticsImpl:519 - max query time: 0ms
2016-10-07 09:22:43 INFO  Environment:570 - Hibernate 3.5.3-Final
2016-10-07 09:22:43 INFO  Environment:603 - hibernate.properties not found
2016-10-07 09:22:43 INFO  Environment:781 - Bytecode provider name : javassist
2016-10-07 09:22:43 INFO  Environment:662 - using JDK 1.4 java.sql.Timestamp handling
2016-10-07 09:22:43 DEBUG DefaultIdentifierGeneratorFactory:99 - Registering IdentifierGenerator strategy [uuid] -> [class org.hibernate.id.UUIDHexGenerator]
2016-10-07 09:22:43 DEBUG DefaultIdentifierGeneratorFactory:99 - Registering IdentifierGenerator strategy [hilo] -> [class org.hibernate.id.TableHiLoGenerator]
2016-10-07 09:22:43 DEBUG DefaultIdentifierGeneratorFactory:99 - Registering IdentifierGenerator strategy [assigned] -> [class org.hibernate.id.Assigned]
2016-10-07 09:22:43 DEBUG DefaultIdentifierGeneratorFactory:99 - Registering IdentifierGenerator strategy [identity] -> [class org.hibernate.id.IdentityGenerator]
2016-10-07 09:22:43 DEBUG DefaultIdentifierGeneratorFactory:99 - Registering IdentifierGenerator strategy [select] -> [class org.hibernate.id.SelectGenerator]
2016-10-07 09:22:43 DEBUG DefaultIdentifierGeneratorFactory:99 - Registering IdentifierGenerator strategy [sequence] -> [class org.hibernate.id.SequenceGenerator]
2016-10-07 09:22:43 DEBUG DefaultIdentifierGeneratorFactory:99 - Registering IdentifierGenerator strategy [seqhilo] -> [class org.hibernate.id.SequenceHiLoGenerator]
2016-10-07 09:22:43 DEBUG DefaultIdentifierGeneratorFactory:99 - Registering IdentifierGenerator strategy [increment] -> [class org.hibernate.id.IncrementGenerator]
2016-10-07 09:22:43 DEBUG DefaultIdentifierGeneratorFactory:99 - Registering IdentifierGenerator strategy [foreign] -> [class org.hibernate.id.ForeignGenerator]
2016-10-07 09:22:43 DEBUG DefaultIdentifierGeneratorFactory:99 - Registering IdentifierGenerator strategy [guid] -> [class org.hibernate.id.GUIDGenerator]
2016-10-07 09:22:43 DEBUG DefaultIdentifierGeneratorFactory:99 - Registering IdentifierGenerator strategy [uuid.hex] -> [class org.hibernate.id.UUIDHexGenerator]
2016-10-07 09:22:43 DEBUG DefaultIdentifierGeneratorFactory:99 - Registering IdentifierGenerator strategy [sequence-identity] -> [class org.hibernate.id.SequenceIdentityGenerator]
2016-10-07 09:22:43 DEBUG DefaultIdentifierGeneratorFactory:99 - Registering IdentifierGenerator strategy [enhanced-sequence] -> [class org.hibernate.id.enhanced.SequenceStyleGenerator]
2016-10-07 09:22:43 DEBUG DefaultIdentifierGeneratorFactory:99 - Registering IdentifierGenerator strategy [enhanced-table] -> [class org.hibernate.id.enhanced.TableGenerator]
2016-10-07 09:22:43 INFO  Configuration:1518 - configuring from resource: /hibernate.cfg.xml
2016-10-07 09:22:43 INFO  Configuration:1495 - Configuration resource: /hibernate.cfg.xml
2016-10-07 09:22:43 DEBUG DTDEntityResolver:64 - trying to resolve system-id [http://hibernate.sourceforge.net/hibernate-configuration-3.0.dtd]
2016-10-07 09:22:43 DEBUG DTDEntityResolver:66 - recognized hibernate namespace; attempting to resolve on classpath under org/hibernate/
2016-10-07 09:22:43 DEBUG DTDEntityResolver:76 - located [http://hibernate.sourceforge.net/hibernate-configuration-3.0.dtd] in classpath
2016-10-07 09:22:43 DEBUG Configuration:1479 - connection.driver_class=oracle.jdbc.driver.OracleDriver
2016-10-07 09:22:43 DEBUG Configuration:1479 - connection.url=jdbc:oracle:thin:@//195.154.70.247:1521/XE
2016-10-07 09:22:43 DEBUG Configuration:1479 - connection.username=LABHIB
2016-10-07 09:22:43 DEBUG Configuration:1479 - connection.password=LABHIB
2016-10-07 09:22:43 DEBUG Configuration:1479 - connection.pool_size=1
2016-10-07 09:22:43 DEBUG Configuration:1479 - dialect=org.hibernate.dialect.Oracle10gDialect
2016-10-07 09:22:43 DEBUG Configuration:1479 - hbm2ddl.auto=update
2016-10-07 09:22:43 DEBUG Configuration:1479 - show_sql=true
2016-10-07 09:22:43 DEBUG Configuration:1479 - hibernate.current_session_context_class=thread
2016-10-07 09:22:43 DEBUG Configuration:1479 - hibernate.generate_statistics=true
2016-10-07 09:22:43 DEBUG Configuration:1678 - null<-org.dom4j.tree.DefaultAttribute@11531931 [Attribute: name resource value "modele/Formation.hbm.xml"]
2016-10-07 09:22:43 INFO  Configuration:655 - Reading mappings from resource : modele/Formation.hbm.xml
2016-10-07 09:22:43 DEBUG DTDEntityResolver:64 - trying to resolve system-id [http://hibernate.sourceforge.net/hibernate-mapping-3.0.dtd]
2016-10-07 09:22:43 DEBUG DTDEntityResolver:66 - recognized hibernate namespace; attempting to resolve on classpath under org/hibernate/
2016-10-07 09:22:43 DEBUG DTDEntityResolver:76 - located [http://hibernate.sourceforge.net/hibernate-mapping-3.0.dtd] in classpath
2016-10-07 09:22:43 INFO  HbmBinder:348 - Mapping class: modele.Formation -> FORMATIONS
2016-10-07 09:22:43 DEBUG HbmBinder:1335 - Mapped property: id -> FORMATION_ID
2016-10-07 09:22:43 DEBUG HbmBinder:1335 - Mapped property: theme -> FORMATION_THEME
2016-10-07 09:22:43 INFO  Configuration:1633 - Configured SessionFactory: null
2016-10-07 09:22:43 DEBUG Configuration:1634 - properties: {java.vendor=Oracle Corporation, show_sql=true, sun.java.launcher=SUN_STANDARD, hibernate.connection.url=jdbc:oracle:thin:@//195.154.70.247:1521/XE, sun.management.compiler=HotSpot 64-Bit Tiered Compilers, os.name=Windows 10, hbm2ddl.auto=update, sun.boot.class.path=C:\Program Files\Java\jre1.8.0_101\lib\resources.jar;C:\Program Files\Java\jre1.8.0_101\lib\rt.jar;C:\Program Files\Java\jre1.8.0_101\lib\sunrsasign.jar;C:\Program Files\Java\jre1.8.0_101\lib\jsse.jar;C:\Program Files\Java\jre1.8.0_101\lib\jce.jar;C:\Program Files\Java\jre1.8.0_101\lib\charsets.jar;C:\Program Files\Java\jre1.8.0_101\lib\jfr.jar;C:\Program Files\Java\jre1.8.0_101\classes, hibernate.current_session_context_class=thread, sun.desktop=windows, java.vm.specification.vendor=Oracle Corporation, hibernate.generate_statistics=true, java.runtime.version=1.8.0_101-b13, user.name=laure, connection.driver_class=oracle.jdbc.driver.OracleDriver, user.language=fr, sun.boot.library.path=C:\Program Files\Java\jre1.8.0_101\bin, dialect=org.hibernate.dialect.Oracle10gDialect, java.version=1.8.0_101, user.timezone=Europe/Paris, sun.arch.data.model=64, java.endorsed.dirs=C:\Program Files\Java\jre1.8.0_101\lib\endorsed, sun.cpu.isalist=amd64, sun.jnu.encoding=Cp1252, file.encoding.pkg=sun.io, file.separator=\, java.specification.name=Java Platform API Specification, java.class.version=52.0, user.country=FR, connection.url=jdbc:oracle:thin:@//195.154.70.247:1521/XE, java.home=C:\Program Files\Java\jre1.8.0_101, java.vm.info=mixed mode, os.version=10.0, path.separator=;, connection.password=LABHIB, java.vm.version=25.101-b13, hibernate.connection.password=LABHIB, user.variant=, java.awt.printerjob=sun.awt.windows.WPrinterJob, sun.io.unicode.encoding=UnicodeLittle, awt.toolkit=sun.awt.windows.WToolkit, hibernate.connection.username=LABHIB, user.script=, user.home=C:\Users\laure, java.specification.vendor=Oracle Corporation, hibernate.hbm2ddl.auto=update, java.library.path=C:\Program Files\Java\jre1.8.0_101\bin;C:\WINDOWS\Sun\Java\bin;C:\WINDOWS\system32;C:\WINDOWS;C:/Program Files/Java/jre1.8.0_101/bin/server;C:/Program Files/Java/jre1.8.0_101/bin;C:/Program Files/Java/jre1.8.0_101/lib/amd64;C:\ProgramData\Oracle\Java\javapath;C:\Program Files (x86)\Intel\iCLS Client\;C:\Program Files\Intel\iCLS Client\;C:\Windows\system32;C:\Windows;C:\Windows\System32\Wbem;C:\Windows\System32\WindowsPowerShell\v1.0\;C:\Program Files (x86)\Intel\Intel(R) Management Engine Components\DAL;C:\Program Files\Intel\Intel(R) Management Engine Components\DAL;C:\Program Files (x86)\Intel\Intel(R) Management Engine Components\IPT;C:\Program Files\Intel\Intel(R) Management Engine Components\IPT;C:\Program Files (x86)\NVIDIA Corporation\PhysX\Common;C:\Program Files (x86)\Skype\Phone\;C:\WINDOWS\system32;C:\WINDOWS;C:\WINDOWS\System32\Wbem;C:\WINDOWS\System32\WindowsPowerShell\v1.0\;C:\Program Files\Java\jre1.8.0_77\bin\;C:\Program Files\Java\jdk1.8.0_77\bin\;C:\Program Files (x86)\Calibre2\;C:\Program Files\Git\cmd;C:\Users\laure\AppData\Local\Microsoft\WindowsApps;;D:\eclipse;;., java.vendor.url=http://java.oracle.com/, hibernate.connection.driver_class=oracle.jdbc.driver.OracleDriver, connection.username=LABHIB, java.vm.vendor=Oracle Corporation, hibernate.dialect=org.hibernate.dialect.Oracle10gDialect, java.runtime.name=Java(TM) SE Runtime Environment, sun.java.command=client.DemoHibernate, java.class.path=D:\workspaceWS\LabHIBERNATE_01\bin;D:\workspaceWS\LabHIBERNATE_01\src\antlr-2.7.6.jar;D:\workspaceWS\LabHIBERNATE_01\src\c3p0-0.9.1.jar;D:\workspaceWS\LabHIBERNATE_01\src\cglib-2.2.jar;D:\workspaceWS\LabHIBERNATE_01\src\commons-collections-3.1.jar;D:\workspaceWS\LabHIBERNATE_01\src\dom4j-1.6.1.jar;D:\workspaceWS\LabHIBERNATE_01\src\ehcache-1.5.0.jar;D:\workspaceWS\LabHIBERNATE_01\src\hibernate-jpa-2.0-api-1.0.0.Final.jar;D:\workspaceWS\LabHIBERNATE_01\src\hibernate-testing.jar;D:\workspaceWS\LabHIBERNATE_01\src\hibernate3.jar;D:\workspaceWS\LabHIBERNATE_01\src\infinispan-core-4.0.0.FINAL.jar;D:\workspaceWS\LabHIBERNATE_01\src\javassist-3.9.0.GA.jar;D:\workspaceWS\LabHIBERNATE_01\src\jbosscache-core-3.2.1.GA.jar;D:\workspaceWS\LabHIBERNATE_01\src\jta-1.1.jar;D:\workspaceWS\LabHIBERNATE_01\src\log4j-1.2.16.jar;D:\workspaceWS\LabHIBERNATE_01\src\ojdbc6.jar;D:\workspaceWS\LabHIBERNATE_01\src\oscache-2.1.jar;D:\workspaceWS\LabHIBERNATE_01\src\proxool-0.8.3.jar;D:\workspaceWS\LabHIBERNATE_01\src\slf4j-log4j12-1.6.1.jar;D:\workspaceWS\LabHIBERNATE_01\src\swarmcache-1.0RC2.jar;D:\workspaceWS\LabHIBERNATE_01\src\slf4j-api-1.6.1.jar, hibernate.bytecode.use_reflection_optimizer=false, java.vm.specification.name=Java Virtual Machine Specification, java.vm.specification.version=1.8, sun.cpu.endian=little, sun.os.patch.level=, connection.pool_size=1, java.io.tmpdir=C:\Users\laure\AppData\Local\Temp\, java.vendor.url.bug=http://bugreport.sun.com/bugreport/, os.arch=amd64, java.awt.graphicsenv=sun.awt.Win32GraphicsEnvironment, java.ext.dirs=C:\Program Files\Java\jre1.8.0_101\lib\ext;C:\WINDOWS\Sun\Java\lib\ext, user.dir=D:\workspaceWS\LabHIBERNATE_01, line.separator=
, java.vm.name=Java HotSpot(TM) 64-Bit Server VM, file.encoding=Cp1252, java.specification.version=1.8, hibernate.show_sql=true, hibernate.connection.pool_size=1}
2016-10-07 09:22:43 DEBUG Configuration:1376 - Preparing to build session factory with filters : {}
2016-10-07 09:22:43 DEBUG Configuration:1211 - processing extends queue
2016-10-07 09:22:43 DEBUG Configuration:1215 - processing collection mappings
2016-10-07 09:22:43 DEBUG Configuration:1226 - processing native query and ResultSetMapping mappings
2016-10-07 09:22:43 DEBUG Configuration:1234 - processing association property references
2016-10-07 09:22:43 DEBUG Configuration:1256 - processing foreign key constraints
2016-10-07 09:22:43 INFO  DriverManagerConnectionProvider:64 - Using Hibernate built-in connection pool (not for production use!)
2016-10-07 09:22:43 INFO  DriverManagerConnectionProvider:65 - Hibernate connection pool size: 1
2016-10-07 09:22:43 INFO  DriverManagerConnectionProvider:68 - autocommit mode: false
2016-10-07 09:22:43 INFO  DriverManagerConnectionProvider:103 - using driver: oracle.jdbc.driver.OracleDriver at URL: jdbc:oracle:thin:@//195.154.70.247:1521/XE
2016-10-07 09:22:43 INFO  DriverManagerConnectionProvider:106 - connection properties: {user=LABHIB, password=LABHIB}
2016-10-07 09:22:43 DEBUG DriverManagerConnectionProvider:132 - opening new JDBC connection
2016-10-07 09:22:44 DEBUG DriverManagerConnectionProvider:138 - created connection to: jdbc:oracle:thin:@//195.154.70.247:1521/XE, Isolation Level: 2
2016-10-07 09:22:44 INFO  SettingsFactory:117 - RDBMS: Oracle, version: Oracle Database 11g Express Edition Release 11.2.0.2.0 - 64bit Production
2016-10-07 09:22:44 INFO  SettingsFactory:118 - JDBC driver: Oracle JDBC driver, version: 11.2.0.4.0
2016-10-07 09:22:44 INFO  Dialect:206 - Using dialect: org.hibernate.dialect.Oracle10gDialect
2016-10-07 09:22:44 INFO  TransactionFactoryFactory:59 - Using default transaction strategy (direct JDBC transactions)
2016-10-07 09:22:44 INFO  TransactionManagerLookupFactory:80 - No TransactionManagerLookup configured (in JTA environment, use of read-write or transactional second-level cache is not recommended)
2016-10-07 09:22:44 INFO  SettingsFactory:169 - Automatic flush during beforeCompletion(): disabled
2016-10-07 09:22:44 INFO  SettingsFactory:173 - Automatic session close at end of transaction: disabled
2016-10-07 09:22:44 INFO  SettingsFactory:180 - JDBC batch size: 15
2016-10-07 09:22:44 INFO  SettingsFactory:183 - JDBC batch updates for versioned data: disabled
2016-10-07 09:22:44 INFO  SettingsFactory:188 - Scrollable result sets: enabled
2016-10-07 09:22:44 DEBUG SettingsFactory:192 - Wrap result sets: disabled
2016-10-07 09:22:44 INFO  SettingsFactory:196 - JDBC3 getGeneratedKeys(): disabled
2016-10-07 09:22:44 INFO  SettingsFactory:204 - Connection release mode: auto
2016-10-07 09:22:44 INFO  SettingsFactory:231 - Default batch fetch size: 1
2016-10-07 09:22:44 INFO  SettingsFactory:235 - Generate SQL with comments: disabled
2016-10-07 09:22:44 INFO  SettingsFactory:239 - Order SQL updates by primary key: disabled
2016-10-07 09:22:44 INFO  SettingsFactory:243 - Order SQL inserts for batching: disabled
2016-10-07 09:22:44 INFO  SettingsFactory:410 - Query translator: org.hibernate.hql.ast.ASTQueryTranslatorFactory
2016-10-07 09:22:44 INFO  ASTQueryTranslatorFactory:47 - Using ASTQueryTranslatorFactory
2016-10-07 09:22:44 INFO  SettingsFactory:251 - Query language substitutions: {}
2016-10-07 09:22:44 INFO  SettingsFactory:256 - JPA-QL strict compliance: disabled
2016-10-07 09:22:44 INFO  SettingsFactory:261 - Second-level cache: enabled
2016-10-07 09:22:44 INFO  SettingsFactory:265 - Query cache: disabled
2016-10-07 09:22:44 INFO  SettingsFactory:395 - Cache region factory : org.hibernate.cache.impl.NoCachingRegionFactory
2016-10-07 09:22:44 INFO  SettingsFactory:275 - Optimize cache for minimal puts: disabled
2016-10-07 09:22:44 INFO  SettingsFactory:284 - Structured second-level cache entries: disabled
2016-10-07 09:22:44 INFO  SettingsFactory:304 - Echoing all SQL to stdout
2016-10-07 09:22:44 INFO  SettingsFactory:313 - Statistics: enabled
2016-10-07 09:22:44 INFO  SettingsFactory:317 - Deleted entity synthetic identifier rollback: disabled
2016-10-07 09:22:44 INFO  SettingsFactory:332 - Default entity-mode: pojo
2016-10-07 09:22:44 INFO  SettingsFactory:336 - Named query checking : enabled
2016-10-07 09:22:44 INFO  SettingsFactory:340 - Check Nullability in Core (should be disabled when Bean Validation is on): enabled
2016-10-07 09:22:44 INFO  SessionFactoryImpl:199 - building session factory
2016-10-07 09:22:44 DEBUG SessionFactoryImpl:238 - Session factory constructed with filter configurations : {}
2016-10-07 09:22:44 DEBUG SessionFactoryImpl:242 - instantiating session factory with properties: {java.vendor=Oracle Corporation, show_sql=true, sun.java.launcher=SUN_STANDARD, hibernate.connection.url=jdbc:oracle:thin:@//195.154.70.247:1521/XE, sun.management.compiler=HotSpot 64-Bit Tiered Compilers, os.name=Windows 10, hbm2ddl.auto=update, sun.boot.class.path=C:\Program Files\Java\jre1.8.0_101\lib\resources.jar;C:\Program Files\Java\jre1.8.0_101\lib\rt.jar;C:\Program Files\Java\jre1.8.0_101\lib\sunrsasign.jar;C:\Program Files\Java\jre1.8.0_101\lib\jsse.jar;C:\Program Files\Java\jre1.8.0_101\lib\jce.jar;C:\Program Files\Java\jre1.8.0_101\lib\charsets.jar;C:\Program Files\Java\jre1.8.0_101\lib\jfr.jar;C:\Program Files\Java\jre1.8.0_101\classes, hibernate.current_session_context_class=thread, sun.desktop=windows, java.vm.specification.vendor=Oracle Corporation, hibernate.generate_statistics=true, java.runtime.version=1.8.0_101-b13, user.name=laure, connection.driver_class=oracle.jdbc.driver.OracleDriver, user.language=fr, sun.boot.library.path=C:\Program Files\Java\jre1.8.0_101\bin, dialect=org.hibernate.dialect.Oracle10gDialect, java.version=1.8.0_101, user.timezone=Europe/Paris, sun.arch.data.model=64, java.endorsed.dirs=C:\Program Files\Java\jre1.8.0_101\lib\endorsed, sun.cpu.isalist=amd64, sun.jnu.encoding=Cp1252, file.encoding.pkg=sun.io, file.separator=\, java.specification.name=Java Platform API Specification, java.class.version=52.0, user.country=FR, connection.url=jdbc:oracle:thin:@//195.154.70.247:1521/XE, java.home=C:\Program Files\Java\jre1.8.0_101, java.vm.info=mixed mode, os.version=10.0, path.separator=;, connection.password=LABHIB, java.vm.version=25.101-b13, hibernate.connection.password=LABHIB, user.variant=, java.awt.printerjob=sun.awt.windows.WPrinterJob, sun.io.unicode.encoding=UnicodeLittle, awt.toolkit=sun.awt.windows.WToolkit, hibernate.connection.username=LABHIB, user.script=, user.home=C:\Users\laure, java.specification.vendor=Oracle Corporation, hibernate.hbm2ddl.auto=update, java.library.path=C:\Program Files\Java\jre1.8.0_101\bin;C:\WINDOWS\Sun\Java\bin;C:\WINDOWS\system32;C:\WINDOWS;C:/Program Files/Java/jre1.8.0_101/bin/server;C:/Program Files/Java/jre1.8.0_101/bin;C:/Program Files/Java/jre1.8.0_101/lib/amd64;C:\ProgramData\Oracle\Java\javapath;C:\Program Files (x86)\Intel\iCLS Client\;C:\Program Files\Intel\iCLS Client\;C:\Windows\system32;C:\Windows;C:\Windows\System32\Wbem;C:\Windows\System32\WindowsPowerShell\v1.0\;C:\Program Files (x86)\Intel\Intel(R) Management Engine Components\DAL;C:\Program Files\Intel\Intel(R) Management Engine Components\DAL;C:\Program Files (x86)\Intel\Intel(R) Management Engine Components\IPT;C:\Program Files\Intel\Intel(R) Management Engine Components\IPT;C:\Program Files (x86)\NVIDIA Corporation\PhysX\Common;C:\Program Files (x86)\Skype\Phone\;C:\WINDOWS\system32;C:\WINDOWS;C:\WINDOWS\System32\Wbem;C:\WINDOWS\System32\WindowsPowerShell\v1.0\;C:\Program Files\Java\jre1.8.0_77\bin\;C:\Program Files\Java\jdk1.8.0_77\bin\;C:\Program Files (x86)\Calibre2\;C:\Program Files\Git\cmd;C:\Users\laure\AppData\Local\Microsoft\WindowsApps;;D:\eclipse;;., java.vendor.url=http://java.oracle.com/, hibernate.connection.driver_class=oracle.jdbc.driver.OracleDriver, connection.username=LABHIB, java.vm.vendor=Oracle Corporation, hibernate.dialect=org.hibernate.dialect.Oracle10gDialect, java.runtime.name=Java(TM) SE Runtime Environment, sun.java.command=client.DemoHibernate, java.class.path=D:\workspaceWS\LabHIBERNATE_01\bin;D:\workspaceWS\LabHIBERNATE_01\src\antlr-2.7.6.jar;D:\workspaceWS\LabHIBERNATE_01\src\c3p0-0.9.1.jar;D:\workspaceWS\LabHIBERNATE_01\src\cglib-2.2.jar;D:\workspaceWS\LabHIBERNATE_01\src\commons-collections-3.1.jar;D:\workspaceWS\LabHIBERNATE_01\src\dom4j-1.6.1.jar;D:\workspaceWS\LabHIBERNATE_01\src\ehcache-1.5.0.jar;D:\workspaceWS\LabHIBERNATE_01\src\hibernate-jpa-2.0-api-1.0.0.Final.jar;D:\workspaceWS\LabHIBERNATE_01\src\hibernate-testing.jar;D:\workspaceWS\LabHIBERNATE_01\src\hibernate3.jar;D:\workspaceWS\LabHIBERNATE_01\src\infinispan-core-4.0.0.FINAL.jar;D:\workspaceWS\LabHIBERNATE_01\src\javassist-3.9.0.GA.jar;D:\workspaceWS\LabHIBERNATE_01\src\jbosscache-core-3.2.1.GA.jar;D:\workspaceWS\LabHIBERNATE_01\src\jta-1.1.jar;D:\workspaceWS\LabHIBERNATE_01\src\log4j-1.2.16.jar;D:\workspaceWS\LabHIBERNATE_01\src\ojdbc6.jar;D:\workspaceWS\LabHIBERNATE_01\src\oscache-2.1.jar;D:\workspaceWS\LabHIBERNATE_01\src\proxool-0.8.3.jar;D:\workspaceWS\LabHIBERNATE_01\src\slf4j-log4j12-1.6.1.jar;D:\workspaceWS\LabHIBERNATE_01\src\swarmcache-1.0RC2.jar;D:\workspaceWS\LabHIBERNATE_01\src\slf4j-api-1.6.1.jar, hibernate.bytecode.use_reflection_optimizer=false, java.vm.specification.name=Java Virtual Machine Specification, java.vm.specification.version=1.8, sun.cpu.endian=little, sun.os.patch.level=, connection.pool_size=1, java.io.tmpdir=C:\Users\laure\AppData\Local\Temp\, java.vendor.url.bug=http://bugreport.sun.com/bugreport/, os.arch=amd64, java.awt.graphicsenv=sun.awt.Win32GraphicsEnvironment, java.ext.dirs=C:\Program Files\Java\jre1.8.0_101\lib\ext;C:\WINDOWS\Sun\Java\lib\ext, user.dir=D:\workspaceWS\LabHIBERNATE_01, line.separator=
, java.vm.name=Java HotSpot(TM) 64-Bit Server VM, file.encoding=Cp1252, java.specification.version=1.8, hibernate.connection.pool_size=1, hibernate.show_sql=true}
2016-10-07 09:22:44 DEBUG DefaultIdentifierGeneratorFactory:89 - Setting dialect [org.hibernate.dialect.Oracle10gDialect]
2016-10-07 09:22:44 INFO  PojoInstantiator:84 - no default (no-argument) constructor for class: modele.Formation (class must be instantiated by Interceptor)
2016-10-07 09:22:44 DEBUG AbstractEntityPersister:2936 - Static SQL for entity: modele.Formation
2016-10-07 09:22:44 DEBUG AbstractEntityPersister:2941 -  Version select: select FORMATION_ID from FORMATIONS where FORMATION_ID =?
2016-10-07 09:22:44 DEBUG AbstractEntityPersister:2944 -  Snapshot select: select formation_.FORMATION_ID, formation_.FORMATION_THEME as FORMATION2_0_ from FORMATIONS formation_ where formation_.FORMATION_ID=?
2016-10-07 09:22:44 DEBUG AbstractEntityPersister:2947 -  Insert 0: insert into FORMATIONS (FORMATION_THEME, FORMATION_ID) values (?, ?)
2016-10-07 09:22:44 DEBUG AbstractEntityPersister:2948 -  Update 0: update FORMATIONS set FORMATION_THEME=? where FORMATION_ID=?
2016-10-07 09:22:44 DEBUG AbstractEntityPersister:2949 -  Delete 0: delete from FORMATIONS where FORMATION_ID=?
2016-10-07 09:22:44 DEBUG EntityLoader:124 - Static select for entity modele.Formation [NONE]: select formation0_.FORMATION_ID as FORMATION1_0_0_, formation0_.FORMATION_THEME as FORMATION2_0_0_ from FORMATIONS formation0_ where formation0_.FORMATION_ID=?
2016-10-07 09:22:44 DEBUG EntityLoader:124 - Static select for entity modele.Formation [READ]: select formation0_.FORMATION_ID as FORMATION1_0_0_, formation0_.FORMATION_THEME as FORMATION2_0_0_ from FORMATIONS formation0_ where formation0_.FORMATION_ID=?
2016-10-07 09:22:44 DEBUG EntityLoader:124 - Static select for entity modele.Formation [UPGRADE]: select formation0_.FORMATION_ID as FORMATION1_0_0_, formation0_.FORMATION_THEME as FORMATION2_0_0_ from FORMATIONS formation0_ where formation0_.FORMATION_ID=? for update
2016-10-07 09:22:44 DEBUG EntityLoader:124 - Static select for entity modele.Formation [UPGRADE_NOWAIT]: select formation0_.FORMATION_ID as FORMATION1_0_0_, formation0_.FORMATION_THEME as FORMATION2_0_0_ from FORMATIONS formation0_ where formation0_.FORMATION_ID=? for update nowait
2016-10-07 09:22:44 DEBUG EntityLoader:124 - Static select for entity modele.Formation [FORCE]: select formation0_.FORMATION_ID as FORMATION1_0_0_, formation0_.FORMATION_THEME as FORMATION2_0_0_ from FORMATIONS formation0_ where formation0_.FORMATION_ID=? for update nowait
2016-10-07 09:22:44 DEBUG EntityLoader:124 - Static select for entity modele.Formation [PESSIMISTIC_READ]: select formation0_.FORMATION_ID as FORMATION1_0_0_, formation0_.FORMATION_THEME as FORMATION2_0_0_ from FORMATIONS formation0_ where formation0_.FORMATION_ID=? for update
2016-10-07 09:22:44 DEBUG EntityLoader:124 - Static select for entity modele.Formation [PESSIMISTIC_WRITE]: select formation0_.FORMATION_ID as FORMATION1_0_0_, formation0_.FORMATION_THEME as FORMATION2_0_0_ from FORMATIONS formation0_ where formation0_.FORMATION_ID=? for update
2016-10-07 09:22:44 DEBUG EntityLoader:124 - Static select for entity modele.Formation [PESSIMISTIC_FORCE_INCREMENT]: select formation0_.FORMATION_ID as FORMATION1_0_0_, formation0_.FORMATION_THEME as FORMATION2_0_0_ from FORMATIONS formation0_ where formation0_.FORMATION_ID=? for update nowait
2016-10-07 09:22:44 DEBUG EntityLoader:124 - Static select for entity modele.Formation [OPTIMISTIC]: select formation0_.FORMATION_ID as FORMATION1_0_0_, formation0_.FORMATION_THEME as FORMATION2_0_0_ from FORMATIONS formation0_ where formation0_.FORMATION_ID=?
2016-10-07 09:22:44 DEBUG EntityLoader:124 - Static select for entity modele.Formation [OPTIMISTIC_FORCE_INCREMENT]: select formation0_.FORMATION_ID as FORMATION1_0_0_, formation0_.FORMATION_THEME as FORMATION2_0_0_ from FORMATIONS formation0_ where formation0_.FORMATION_ID=?
2016-10-07 09:22:44 DEBUG EntityLoader:56 - Static select for action ACTION_MERGE on entity modele.Formation: select formation0_.FORMATION_ID as FORMATION1_0_0_, formation0_.FORMATION_THEME as FORMATION2_0_0_ from FORMATIONS formation0_ where formation0_.FORMATION_ID=?
2016-10-07 09:22:44 DEBUG EntityLoader:56 - Static select for action ACTION_REFRESH on entity modele.Formation: select formation0_.FORMATION_ID as FORMATION1_0_0_, formation0_.FORMATION_THEME as FORMATION2_0_0_ from FORMATIONS formation0_ where formation0_.FORMATION_ID=?
2016-10-07 09:22:44 DEBUG SessionFactoryObjectFactory:62 - initializing class SessionFactoryObjectFactory
2016-10-07 09:22:44 DEBUG SessionFactoryObjectFactory:99 - registered: 4028b881579e05d001579e05d39f0000 (unnamed)
2016-10-07 09:22:44 INFO  SessionFactoryObjectFactory:105 - Not binding factory to JNDI, no JNDI name configured
2016-10-07 09:22:44 DEBUG SessionFactoryImpl:378 - instantiated session factory
2016-10-07 09:22:44 INFO  SchemaUpdate:155 - Running hbm2ddl schema update
2016-10-07 09:22:44 INFO  SchemaUpdate:167 - fetching database metadata
2016-10-07 09:22:45 INFO  SchemaUpdate:179 - updating schema
2016-10-07 09:22:45 DEBUG Configuration:1211 - processing extends queue
2016-10-07 09:22:45 DEBUG Configuration:1215 - processing collection mappings
2016-10-07 09:22:45 DEBUG Configuration:1226 - processing native query and ResultSetMapping mappings
2016-10-07 09:22:45 DEBUG Configuration:1234 - processing association property references
2016-10-07 09:22:45 DEBUG Configuration:1256 - processing foreign key constraints
2016-10-07 09:22:45 INFO  TableMetadata:65 - table found: LABHIB.FORMATIONS
2016-10-07 09:22:45 INFO  TableMetadata:66 - columns: [formation_id, formation_theme]
2016-10-07 09:22:45 INFO  TableMetadata:68 - foreign keys: []
2016-10-07 09:22:45 INFO  TableMetadata:69 - indexes: [sys_c0012262]
2016-10-07 09:22:45 DEBUG DefaultIdentifierGeneratorFactory:89 - Setting dialect [org.hibernate.dialect.Oracle10gDialect]
2016-10-07 09:22:45 INFO  SchemaUpdate:217 - schema update complete
2016-10-07 09:22:46 DEBUG SessionFactoryImpl:550 - Checking 0 named HQL queries
2016-10-07 09:22:46 DEBUG SessionFactoryImpl:570 - Checking 0 named SQL queries
2016-10-07 09:22:46 DEBUG SessionImpl:257 - opened session at timestamp: 14758249660
2016-10-07 09:22:46 DEBUG JDBCTransaction:82 - begin
2016-10-07 09:22:46 DEBUG ConnectionManager:444 - opening JDBC connection
2016-10-07 09:22:46 DEBUG JDBCTransaction:87 - current autocommit status: false
2016-10-07 09:22:46 DEBUG IncrementGenerator:123 - fetching initial value: select max(FORMATION_ID) from FORMATIONS
2016-10-07 09:22:46 DEBUG AbstractBatcher:410 - about to open PreparedStatement (open PreparedStatements: 0, globally: 0)
2016-10-07 09:22:46 DEBUG SQL:111 - select max(FORMATION_ID) from FORMATIONS
2016-10-07 09:22:46 DEBUG IncrementGenerator:136 - first free id: 5
2016-10-07 09:22:46 DEBUG AbstractBatcher:418 - about to close PreparedStatement (open PreparedStatements: 1, globally: 1)
2016-10-07 09:22:46 DEBUG AbstractSaveEventListener:135 - generated identifier: 5, using strategy: org.hibernate.id.IncrementGenerator
2016-10-07 09:22:46 DEBUG JDBCTransaction:134 - commit
2016-10-07 09:22:46 DEBUG AbstractFlushingEventListener:134 - processing flush-time cascades
2016-10-07 09:22:46 DEBUG AbstractFlushingEventListener:177 - dirty checking collections
2016-10-07 09:22:46 DEBUG AbstractFlushingEventListener:108 - Flushed: 1 insertions, 0 updates, 0 deletions to 1 objects
2016-10-07 09:22:46 DEBUG AbstractFlushingEventListener:114 - Flushed: 0 (re)creations, 0 updates, 0 removals to 0 collections
2016-10-07 09:22:46 DEBUG Printer:106 - listing entities:
2016-10-07 09:22:46 DEBUG Printer:113 - modele.Formation{theme=Hibernate2, id=5}
2016-10-07 09:22:46 DEBUG AbstractBatcher:410 - about to open PreparedStatement (open PreparedStatements: 0, globally: 0)
2016-10-07 09:22:46 DEBUG SQL:111 - insert into FORMATIONS (FORMATION_THEME, FORMATION_ID) values (?, ?)
2016-10-07 09:22:46 DEBUG AbstractBatcher:66 - Executing batch size: 1
2016-10-07 09:22:46 DEBUG Expectations:77 - success of batch update unknown: 0
2016-10-07 09:22:46 DEBUG AbstractBatcher:418 - about to close PreparedStatement (open PreparedStatements: 1, globally: 1)
2016-10-07 09:22:46 DEBUG JDBCTransaction:147 - committed JDBC Connection
2016-10-07 09:22:46 DEBUG ConnectionManager:427 - aggressively releasing JDBC connection
2016-10-07 09:22:46 DEBUG ConnectionManager:464 - releasing JDBC connection [ (open PreparedStatements: 0, globally: 0) (open ResultSets: 0, globally: 0)]
2016-10-07 09:22:46 INFO  ConcurrentStatisticsImpl:491 - Logging statistics....
2016-10-07 09:22:46 INFO  ConcurrentStatisticsImpl:492 - start time: 1475824964436
2016-10-07 09:22:46 INFO  ConcurrentStatisticsImpl:493 - sessions opened: 1
2016-10-07 09:22:46 INFO  ConcurrentStatisticsImpl:494 - sessions closed: 1
2016-10-07 09:22:46 INFO  ConcurrentStatisticsImpl:495 - transactions: 1
2016-10-07 09:22:46 INFO  ConcurrentStatisticsImpl:496 - successful transactions: 1
2016-10-07 09:22:46 INFO  ConcurrentStatisticsImpl:497 - optimistic lock failures: 0
2016-10-07 09:22:46 INFO  ConcurrentStatisticsImpl:498 - flushes: 1
2016-10-07 09:22:46 INFO  ConcurrentStatisticsImpl:499 - connections obtained: 1
2016-10-07 09:22:46 INFO  ConcurrentStatisticsImpl:500 - statements prepared: 2
2016-10-07 09:22:46 INFO  ConcurrentStatisticsImpl:501 - statements closed: 2
2016-10-07 09:22:46 INFO  ConcurrentStatisticsImpl:502 - second level cache puts: 0
2016-10-07 09:22:46 INFO  ConcurrentStatisticsImpl:503 - second level cache hits: 0
2016-10-07 09:22:46 INFO  ConcurrentStatisticsImpl:504 - second level cache misses: 0
2016-10-07 09:22:46 INFO  ConcurrentStatisticsImpl:505 - entities loaded: 0
2016-10-07 09:22:46 INFO  ConcurrentStatisticsImpl:506 - entities updated: 0
2016-10-07 09:22:46 INFO  ConcurrentStatisticsImpl:507 - entities inserted: 1
2016-10-07 09:22:46 INFO  ConcurrentStatisticsImpl:508 - entities deleted: 0
2016-10-07 09:22:46 INFO  ConcurrentStatisticsImpl:509 - entities fetched (minimize this): 0
2016-10-07 09:22:46 INFO  ConcurrentStatisticsImpl:510 - collections loaded: 0
2016-10-07 09:22:46 INFO  ConcurrentStatisticsImpl:511 - collections updated: 0
2016-10-07 09:22:46 INFO  ConcurrentStatisticsImpl:512 - collections removed: 0
2016-10-07 09:22:46 INFO  ConcurrentStatisticsImpl:513 - collections recreated: 0
2016-10-07 09:22:46 INFO  ConcurrentStatisticsImpl:514 - collections fetched (minimize this): 0
2016-10-07 09:22:46 INFO  ConcurrentStatisticsImpl:515 - queries executed to database: 0
2016-10-07 09:22:46 INFO  ConcurrentStatisticsImpl:516 - query cache puts: 0
2016-10-07 09:22:46 INFO  ConcurrentStatisticsImpl:517 - query cache hits: 0
2016-10-07 09:22:46 INFO  ConcurrentStatisticsImpl:518 - query cache misses: 0
2016-10-07 09:22:46 INFO  ConcurrentStatisticsImpl:519 - max query time: 0ms
